<?xml version="1.0" encoding="UTF-8"?>
<!-- Generated by org.testng.reporters.JUnitXMLReporter -->
<testsuite ignored="0" hostname="DESKTOP-72KREVD" failures="0" tests="8" name="EcomFinalProject23" time="55.759" errors="0" timestamp="2023-05-12T13:26:04 MSK">
  <testcase classname="test.SauseDemo.loginTests.FailedTests" name="test_o1_failedUsername" time="2.514"/>
  <testcase classname="test.SauseDemo.loginTests.FailedTests" name="test_o2_failedpassword" time="2.773"/>
  <testcase classname="test.SauseDemo.loginTests.FailedTests" name="test_o3_emptyUsernamefield" time="1.954"/>
  <testcase classname="test.SauseDemo.loginTests.FailedTests" name="test_o4_emptyPasswordfield" time="2.928"/>
  <testcase classname="test.SauseDemo.loginTests.LoginSuccessTest" name="test_o1_standartUserlogin" time="2.825"/>
  <testcase classname="test.SauseDemo.loginTests.LoginSuccessTest" name="test_o2_locked_out_user" time="2.895"/>
  <testcase classname="test.SauseDemo.loginTests.LoginSuccessTest" name="test_o3_problem_user" time="2.728"/>
  <testcase classname="test.SauseDemo.loginTests.LoginSuccessTest" name="test_o4_performance_glitch_user" time="8.444"/>
</testsuite> <!-- EcomFinalProject23 -->
