<?xml version="1.0" encoding="UTF-8"?>
<testng-results ignored="0" total="8" passed="8" failed="0" skipped="0">
  <reporter-output>
  </reporter-output>
  <suite started-at="2023-05-12T13:25:09 MSK" name="Default Suite" finished-at="2023-05-12T13:26:04 MSK" duration-ms="55759">
    <groups>
    </groups>
    <test started-at="2023-05-12T13:25:09 MSK" name="EcomFinalProject23" finished-at="2023-05-12T13:26:04 MSK" duration-ms="55759">
      <class name="test.SauseDemo.loginTests.LoginSuccessTest">
        <test-method is-config="true" signature="setupTest()[pri:0, instance:test.SauseDemo.loginTests.LoginSuccessTest@2f54a33d]" started-at="2023-05-12T13:25:34 MSK" name="setupTest" finished-at="2023-05-12T13:25:35 MSK" duration-ms="1125" status="PASS">
          <reporter-output>
          </reporter-output>
        </test-method> <!-- setupTest -->
        <test-method signature="test_o1_standartUserlogin()[pri:0, instance:test.SauseDemo.loginTests.LoginSuccessTest@2f54a33d]" started-at="2023-05-12T13:25:35 MSK" name="test_o1_standartUserlogin" finished-at="2023-05-12T13:25:38 MSK" duration-ms="2825" status="PASS">
          <reporter-output>
          </reporter-output>
        </test-method> <!-- test_o1_standartUserlogin -->
        <test-method is-config="true" signature="tearDown()[pri:0, instance:test.SauseDemo.loginTests.LoginSuccessTest@2f54a33d]" started-at="2023-05-12T13:25:38 MSK" name="tearDown" finished-at="2023-05-12T13:25:40 MSK" duration-ms="2182" status="PASS">
          <reporter-output>
          </reporter-output>
        </test-method> <!-- tearDown -->
        <test-method is-config="true" signature="setupTest()[pri:0, instance:test.SauseDemo.loginTests.LoginSuccessTest@2f54a33d]" started-at="2023-05-12T13:25:40 MSK" name="setupTest" finished-at="2023-05-12T13:25:42 MSK" duration-ms="1126" status="PASS">
          <reporter-output>
          </reporter-output>
        </test-method> <!-- setupTest -->
        <test-method signature="test_o2_locked_out_user()[pri:0, instance:test.SauseDemo.loginTests.LoginSuccessTest@2f54a33d]" started-at="2023-05-12T13:25:42 MSK" name="test_o2_locked_out_user" finished-at="2023-05-12T13:25:44 MSK" duration-ms="2895" status="PASS">
          <reporter-output>
          </reporter-output>
        </test-method> <!-- test_o2_locked_out_user -->
        <test-method is-config="true" signature="tearDown()[pri:0, instance:test.SauseDemo.loginTests.LoginSuccessTest@2f54a33d]" started-at="2023-05-12T13:25:44 MSK" name="tearDown" finished-at="2023-05-12T13:25:47 MSK" duration-ms="2156" status="PASS">
          <reporter-output>
          </reporter-output>
        </test-method> <!-- tearDown -->
        <test-method is-config="true" signature="setupTest()[pri:0, instance:test.SauseDemo.loginTests.LoginSuccessTest@2f54a33d]" started-at="2023-05-12T13:25:47 MSK" name="setupTest" finished-at="2023-05-12T13:25:48 MSK" duration-ms="1125" status="PASS">
          <reporter-output>
          </reporter-output>
        </test-method> <!-- setupTest -->
        <test-method signature="test_o3_problem_user()[pri:0, instance:test.SauseDemo.loginTests.LoginSuccessTest@2f54a33d]" started-at="2023-05-12T13:25:48 MSK" name="test_o3_problem_user" finished-at="2023-05-12T13:25:50 MSK" duration-ms="2728" status="PASS">
          <reporter-output>
          </reporter-output>
        </test-method> <!-- test_o3_problem_user -->
        <test-method is-config="true" signature="tearDown()[pri:0, instance:test.SauseDemo.loginTests.LoginSuccessTest@2f54a33d]" started-at="2023-05-12T13:25:50 MSK" name="tearDown" finished-at="2023-05-12T13:25:53 MSK" duration-ms="2157" status="PASS">
          <reporter-output>
          </reporter-output>
        </test-method> <!-- tearDown -->
        <test-method is-config="true" signature="setupTest()[pri:0, instance:test.SauseDemo.loginTests.LoginSuccessTest@2f54a33d]" started-at="2023-05-12T13:25:53 MSK" name="setupTest" finished-at="2023-05-12T13:25:54 MSK" duration-ms="1116" status="PASS">
          <reporter-output>
          </reporter-output>
        </test-method> <!-- setupTest -->
        <test-method signature="test_o4_performance_glitch_user()[pri:0, instance:test.SauseDemo.loginTests.LoginSuccessTest@2f54a33d]" started-at="2023-05-12T13:25:54 MSK" name="test_o4_performance_glitch_user" finished-at="2023-05-12T13:26:02 MSK" duration-ms="8444" status="PASS">
          <reporter-output>
          </reporter-output>
        </test-method> <!-- test_o4_performance_glitch_user -->
        <test-method is-config="true" signature="tearDown()[pri:0, instance:test.SauseDemo.loginTests.LoginSuccessTest@2f54a33d]" started-at="2023-05-12T13:26:02 MSK" name="tearDown" finished-at="2023-05-12T13:26:04 MSK" duration-ms="2239" status="PASS">
          <reporter-output>
          </reporter-output>
        </test-method> <!-- tearDown -->
      </class> <!-- test.SauseDemo.loginTests.LoginSuccessTest -->
      <class name="test.SauseDemo.loginTests.FailedTests">
        <test-method is-config="true" signature="setupTest()[pri:0, instance:test.SauseDemo.loginTests.FailedTests@5b94b04d]" started-at="2023-05-12T13:25:09 MSK" name="setupTest" finished-at="2023-05-12T13:25:12 MSK" duration-ms="3201" status="PASS">
          <reporter-output>
          </reporter-output>
        </test-method> <!-- setupTest -->
        <test-method signature="test_o1_failedUsername()[pri:0, instance:test.SauseDemo.loginTests.FailedTests@5b94b04d]" started-at="2023-05-12T13:25:12 MSK" name="test_o1_failedUsername" finished-at="2023-05-12T13:25:14 MSK" duration-ms="2514" status="PASS">
          <reporter-output>
          </reporter-output>
        </test-method> <!-- test_o1_failedUsername -->
        <test-method is-config="true" signature="tearDown()[pri:0, instance:test.SauseDemo.loginTests.FailedTests@5b94b04d]" started-at="2023-05-12T13:25:14 MSK" name="tearDown" finished-at="2023-05-12T13:25:17 MSK" duration-ms="2161" status="PASS">
          <reporter-output>
          </reporter-output>
        </test-method> <!-- tearDown -->
        <test-method is-config="true" signature="setupTest()[pri:0, instance:test.SauseDemo.loginTests.FailedTests@5b94b04d]" started-at="2023-05-12T13:25:17 MSK" name="setupTest" finished-at="2023-05-12T13:25:18 MSK" duration-ms="1256" status="PASS">
          <reporter-output>
          </reporter-output>
        </test-method> <!-- setupTest -->
        <test-method signature="test_o2_failedpassword()[pri:0, instance:test.SauseDemo.loginTests.FailedTests@5b94b04d]" started-at="2023-05-12T13:25:18 MSK" name="test_o2_failedpassword" finished-at="2023-05-12T13:25:21 MSK" duration-ms="2773" status="PASS">
          <reporter-output>
          </reporter-output>
        </test-method> <!-- test_o2_failedpassword -->
        <test-method is-config="true" signature="tearDown()[pri:0, instance:test.SauseDemo.loginTests.FailedTests@5b94b04d]" started-at="2023-05-12T13:25:21 MSK" name="tearDown" finished-at="2023-05-12T13:25:23 MSK" duration-ms="2165" status="PASS">
          <reporter-output>
          </reporter-output>
        </test-method> <!-- tearDown -->
        <test-method is-config="true" signature="setupTest()[pri:0, instance:test.SauseDemo.loginTests.FailedTests@5b94b04d]" started-at="2023-05-12T13:25:23 MSK" name="setupTest" finished-at="2023-05-12T13:25:24 MSK" duration-ms="1137" status="PASS">
          <reporter-output>
          </reporter-output>
        </test-method> <!-- setupTest -->
        <test-method signature="test_o3_emptyUsernamefield()[pri:0, instance:test.SauseDemo.loginTests.FailedTests@5b94b04d]" started-at="2023-05-12T13:25:24 MSK" name="test_o3_emptyUsernamefield" finished-at="2023-05-12T13:25:26 MSK" duration-ms="1954" status="PASS">
          <reporter-output>
          </reporter-output>
        </test-method> <!-- test_o3_emptyUsernamefield -->
        <test-method is-config="true" signature="tearDown()[pri:0, instance:test.SauseDemo.loginTests.FailedTests@5b94b04d]" started-at="2023-05-12T13:25:26 MSK" name="tearDown" finished-at="2023-05-12T13:25:28 MSK" duration-ms="2183" status="PASS">
          <reporter-output>
          </reporter-output>
        </test-method> <!-- tearDown -->
        <test-method is-config="true" signature="setupTest()[pri:0, instance:test.SauseDemo.loginTests.FailedTests@5b94b04d]" started-at="2023-05-12T13:25:28 MSK" name="setupTest" finished-at="2023-05-12T13:25:29 MSK" duration-ms="1144" status="PASS">
          <reporter-output>
          </reporter-output>
        </test-method> <!-- setupTest -->
        <test-method signature="test_o4_emptyPasswordfield()[pri:0, instance:test.SauseDemo.loginTests.FailedTests@5b94b04d]" started-at="2023-05-12T13:25:29 MSK" name="test_o4_emptyPasswordfield" finished-at="2023-05-12T13:25:32 MSK" duration-ms="2928" status="PASS">
          <reporter-output>
          </reporter-output>
        </test-method> <!-- test_o4_emptyPasswordfield -->
        <test-method is-config="true" signature="tearDown()[pri:0, instance:test.SauseDemo.loginTests.FailedTests@5b94b04d]" started-at="2023-05-12T13:25:32 MSK" name="tearDown" finished-at="2023-05-12T13:25:34 MSK" duration-ms="2156" status="PASS">
          <reporter-output>
          </reporter-output>
        </test-method> <!-- tearDown -->
      </class> <!-- test.SauseDemo.loginTests.FailedTests -->
    </test> <!-- EcomFinalProject23 -->
  </suite> <!-- Default Suite -->
</testng-results>
